<?xml version='1.0' encoding='UTF-8' ?>
<testsuite name=".FightSearchDaoTest" tests="1" failures="0" errors="0" skipped="0" time="1.573" timestamp="2025-04-28T22:42:53" hostname="localhost">
  <properties>
    <property name="device" value="El_mamalon_pixel_9(AVD) - 16" />
    <property name="flavor" value="" />
    <property name="project" value=":app" />
  </properties>
  <testcase name="getFavoriteRoutesByiataCode_shouldReturnMatchingFavoriteRoutes" classname=".FightSearchDaoTest" time="0.308" />
</testsuite>