<?xml version='1.0' encoding='UTF-8' ?>
<testsuite name=".FightSearchDaoTest" tests="1" failures="0" errors="0" skipped="0" time="1.07" timestamp="2025-04-23T16:48:24" hostname="localhost">
  <properties>
    <property name="device" value="El_mamalon_pixel_9(AVD) - 16" />
    <property name="flavor" value="" />
    <property name="project" value=":app" />
  </properties>
  <testcase name="insertFavoriteRoute_shouldInsertFavoriteRoute" classname=".FightSearchDaoTest" time="0.201" />
</testsuite>